# JRE version: OpenJDK Runtime Environment (11.0.13) (build 11.0.13+0-b1751.21-8125866)
# Java VM: OpenJDK 64-Bit Server VM (11.0.13+0-b1751.21-8125866, mixed mode, tiered, compressed oops, g1 gc, windows-amd64)
Heap:
 garbage-first heap   total 627712K, used 247808K [0x0000000080000000, 0x0000000100000000)
  region size 1024K, 2 young (2048K), 2 survivors (2048K)
 Metaspace       used 114974K, capacity 117715K, committed 117840K, reserved 1153024K
  class space    used 13841K, capacity 14773K, committed 14848K, reserved 1048576K
GC Heap History (20 events):
Event: 51.960 GC heap after
{Heap after GC invocations=76 (full 0):
 garbage-first heap   total 239616K, used 190080K [0x0000000080000000, 0x0000000100000000)
  region size 1024K, 2 young (2048K), 2 survivors (2048K)
 Metaspace       used 113601K, capacity 116435K, committed 116688K, reserved 1150976K
  class space    used 13741K, capacity 14696K, committed 14720K, reserved 1048576K
}
Event: 52.040 GC heap before
{Heap before GC invocations=76 (full 0):
 garbage-first heap   total 239616K, used 202368K [0x0000000080000000, 0x0000000100000000)
  region size 1024K, 14 young (14336K), 2 survivors (2048K)
 Metaspace       used 113692K, capacity 116503K, committed 116688K, reserved 1150976K
  class space    used 13742K, capacity 14696K, committed 14720K, reserved 1048576K
}
Event: 52.054 GC heap after
{Heap after GC invocations=77 (full 0):
 garbage-first heap   total 239616K, used 190860K [0x0000000080000000, 0x0000000100000000)
  region size 1024K, 1 young (1024K), 1 survivors (1024K)
 Metaspace       used 113692K, capacity 116503K, committed 116688K, reserved 1150976K
  class space    used 13742K, capacity 14696K, committed 14720K, reserved 1048576K
}
Event: 52.136 GC heap before
{Heap before GC invocations=77 (full 0):
 garbage-first heap   total 239616K, used 204172K [0x0000000080000000, 0x0000000100000000)
  region size 1024K, 14 young (14336K), 1 survivors (1024K)
 Metaspace       used 113784K, capacity 116570K, committed 116688K, reserved 1150976K
  class space    used 13746K, capacity 14697K, committed 14720K, reserved 1048576K
}
Event: 52.138 GC heap after
{Heap after GC invocations=78 (full 0):
 garbage-first heap   total 239616K, used 191313K [0x0000000080000000, 0x0000000100000000)
  region size 1024K, 1 young (1024K), 1 survivors (1024K)
 Metaspace       used 113784K, capacity 116570K, committed 116688K, reserved 1150976K
  class space    used 13746K, capacity 14697K, committed 14720K, reserved 1048576K
}
Event: 52.216 GC heap before
{Heap before GC invocations=78 (full 0):
 garbage-first heap   total 239616K, used 205649K [0x0000000080000000, 0x0000000100000000)
  region size 1024K, 15 young (15360K), 1 survivors (1024K)
 Metaspace       used 113870K, capacity 116640K, committed 116688K, reserved 1150976K
  class space    used 13746K, capacity 14697K, committed 14720K, reserved 1048576K
}
Event: 52.218 GC heap after
{Heap after GC invocations=79 (full 0):
 garbage-first heap   total 239616K, used 191874K [0x0000000080000000, 0x0000000100000000)
  region size 1024K, 2 young (2048K), 2 survivors (2048K)
 Metaspace       used 113870K, capacity 116640K, committed 116688K, reserved 1150976K
  class space    used 13746K, capacity 14697K, committed 14720K, reserved 1048576K
}
Event: 52.526 GC heap before
{Heap before GC invocations=80 (full 0):
 garbage-first heap   total 239616K, used 206210K [0x0000000080000000, 0x0000000100000000)
  region size 1024K, 16 young (16384K), 2 survivors (2048K)
 Metaspace       used 114506K, capacity 117301K, committed 117584K, reserved 1153024K
  class space    used 13809K, capacity 14766K, committed 14848K, reserved 1048576K
}
Event: 52.532 GC heap after
{Heap after GC invocations=81 (full 0):
 garbage-first heap   total 239616K, used 192592K [0x0000000080000000, 0x0000000100000000)
  region size 1024K, 2 young (2048K), 2 survivors (2048K)
 Metaspace       used 114506K, capacity 117301K, committed 117584K, reserved 1153024K
  class space    used 13809K, capacity 14766K, committed 14848K, reserved 1048576K
}
Event: 52.690 GC heap before
{Heap before GC invocations=81 (full 0):
 garbage-first heap   total 239616K, used 201808K [0x0000000080000000, 0x0000000100000000)
  region size 1024K, 11 young (11264K), 2 survivors (2048K)
 Metaspace       used 114822K, capacity 117583K, committed 117840K, reserved 1153024K
  class space    used 13841K, capacity 14773K, committed 14848K, reserved 1048576K
}
Event: 52.697 GC heap after
{Heap after GC invocations=82 (full 0):
 garbage-first heap   total 239616K, used 193504K [0x0000000080000000, 0x0000000100000000)
  region size 1024K, 2 young (2048K), 2 survivors (2048K)
 Metaspace       used 114822K, capacity 117583K, committed 117840K, reserved 1153024K
  class space    used 13841K, capacity 14773K, committed 14848K, reserved 1048576K
}
Event: 52.811 GC heap before
{Heap before GC invocations=82 (full 0):
 garbage-first heap   total 239616K, used 207840K [0x0000000080000000, 0x0000000100000000)
  region size 1024K, 16 young (16384K), 2 survivors (2048K)
 Metaspace       used 114870K, capacity 117649K, committed 117840K, reserved 1153024K
  class space    used 13841K, capacity 14773K, committed 14848K, reserved 1048576K
}
Event: 52.824 GC heap after
{Heap after GC invocations=83 (full 0):
 garbage-first heap   total 293888K, used 195730K [0x0000000080000000, 0x0000000100000000)
  region size 1024K, 2 young (2048K), 2 survivors (2048K)
 Metaspace       used 114870K, capacity 117649K, committed 117840K, reserved 1153024K
  class space    used 13841K, capacity 14773K, committed 14848K, reserved 1048576K
}
Event: 53.021 GC heap before
{Heap before GC invocations=83 (full 0):
 garbage-first heap   total 293888K, used 226450K [0x0000000080000000, 0x0000000100000000)
  region size 1024K, 32 young (32768K), 2 survivors (2048K)
 Metaspace       used 114973K, capacity 117715K, committed 117840K, reserved 1153024K
  class space    used 13841K, capacity 14773K, committed 14848K, reserved 1048576K
}
Event: 53.040 GC heap after
{Heap after GC invocations=84 (full 0):
 garbage-first heap   total 293888K, used 209488K [0x0000000080000000, 0x0000000100000000)
  region size 1024K, 4 young (4096K), 4 survivors (4096K)
 Metaspace       used 114973K, capacity 117715K, committed 117840K, reserved 1153024K
  class space    used 13841K, capacity 14773K, committed 14848K, reserved 1048576K
}
Event: 53.089 GC heap before
{Heap before GC invocations=84 (full 0):
 garbage-first heap   total 293888K, used 233040K [0x0000000080000000, 0x0000000100000000)
  region size 1024K, 27 young (27648K), 4 survivors (4096K)
 Metaspace       used 114973K, capacity 117715K, committed 117840K, reserved 1153024K
  class space    used 13841K, capacity 14773K, committed 14848K, reserved 1048576K
}
Event: 53.146 GC heap after
{Heap after GC invocations=85 (full 0):
 garbage-first heap   total 293888K, used 230031K [0x0000000080000000, 0x0000000100000000)
  region size 1024K, 4 young (4096K), 4 survivors (4096K)
 Metaspace       used 114973K, capacity 117715K, committed 117840K, reserved 1153024K
  class space    used 13841K, capacity 14773K, committed 14848K, reserved 1048576K
}
Event: 53.164 GC heap before
{Heap before GC invocations=85 (full 0):
 garbage-first heap   total 293888K, used 243343K [0x0000000080000000, 0x0000000100000000)
  region size 1024K, 17 young (17408K), 4 survivors (4096K)
 Metaspace       used 114973K, capacity 117715K, committed 117840K, reserved 1153024K
  class space    used 13841K, capacity 14773K, committed 14848K, reserved 1048576K
}
Event: 53.178 GC heap after
{Heap after GC invocations=86 (full 0):
 garbage-first heap   total 293888K, used 240128K [0x0000000080000000, 0x0000000100000000)
  region size 1024K, 3 young (3072K), 3 survivors (3072K)
 Metaspace       used 114973K, capacity 117715K, committed 117840K, reserved 1153024K
  class space    used 13841K, capacity 14773K, committed 14848K, reserved 1048576K
}
Event: 53.205 GC heap before
{Heap before GC invocations=86 (full 0):
 garbage-first heap   total 293888K, used 251392K [0x0000000080000000, 0x0000000100000000)
  region size 1024K, 14 young (14336K), 3 survivors (3072K)
 Metaspace       used 114974K, capacity 117715K, committed 117840K, reserved 1153024K
  class space    used 13841K, capacity 14773K, committed 14848K, reserved 1048576K
}

