# JRE version: OpenJDK Runtime Environment (11.0.13) (build 11.0.13+0-b1751.21-8125866)
# Java VM: OpenJDK 64-Bit Server VM (11.0.13+0-b1751.21-8125866, mixed mode, tiered, compressed oops, g1 gc, windows-amd64)
Heap:
 garbage-first heap   total 955392K, used 224051K [0x0000000080000000, 0x0000000100000000)
  region size 1024K, 3 young (3072K), 3 survivors (3072K)
 Metaspace       used 99624K, capacity 102089K, committed 102224K, reserved 1138688K
  class space    used 12193K, capacity 13032K, committed 13056K, reserved 1048576K
GC Heap History (20 events):
Event: 24.117 GC heap after
{Heap after GC invocations=77 (full 0):
 garbage-first heap   total 249856K, used 187058K [0x0000000080000000, 0x0000000100000000)
  region size 1024K, 3 young (3072K), 3 survivors (3072K)
 Metaspace       used 98187K, capacity 100682K, committed 100944K, reserved 1136640K
  class space    used 12093K, capacity 12956K, committed 13056K, reserved 1048576K
}
Event: 24.168 GC heap before
{Heap before GC invocations=77 (full 0):
 garbage-first heap   total 249856K, used 196274K [0x0000000080000000, 0x0000000100000000)
  region size 1024K, 12 young (12288K), 3 survivors (3072K)
 Metaspace       used 98265K, capacity 100749K, committed 100944K, reserved 1136640K
  class space    used 12094K, capacity 12956K, committed 13056K, reserved 1048576K
}
Event: 24.173 GC heap after
{Heap after GC invocations=78 (full 0):
 garbage-first heap   total 249856K, used 183122K [0x0000000080000000, 0x0000000100000000)
  region size 1024K, 1 young (1024K), 1 survivors (1024K)
 Metaspace       used 98265K, capacity 100749K, committed 100944K, reserved 1136640K
  class space    used 12094K, capacity 12956K, committed 13056K, reserved 1048576K
}
Event: 24.259 GC heap before
{Heap before GC invocations=78 (full 0):
 garbage-first heap   total 249856K, used 203602K [0x0000000080000000, 0x0000000100000000)
  region size 1024K, 21 young (21504K), 1 survivors (1024K)
 Metaspace       used 98389K, capacity 100882K, committed 101200K, reserved 1138688K
  class space    used 12098K, capacity 12957K, committed 13056K, reserved 1048576K
}
Event: 24.262 GC heap after
{Heap after GC invocations=79 (full 0):
 garbage-first heap   total 249856K, used 183775K [0x0000000080000000, 0x0000000100000000)
  region size 1024K, 2 young (2048K), 2 survivors (2048K)
 Metaspace       used 98389K, capacity 100882K, committed 101200K, reserved 1138688K
  class space    used 12098K, capacity 12957K, committed 13056K, reserved 1048576K
}
Event: 24.546 GC heap before
{Heap before GC invocations=80 (full 0):
 garbage-first heap   total 249856K, used 205279K [0x0000000080000000, 0x0000000100000000)
  region size 1024K, 23 young (23552K), 2 survivors (2048K)
 Metaspace       used 99064K, capacity 101540K, committed 101712K, reserved 1138688K
  class space    used 12162K, capacity 13025K, committed 13056K, reserved 1048576K
}
Event: 24.551 GC heap after
{Heap after GC invocations=81 (full 0):
 garbage-first heap   total 249856K, used 184600K [0x0000000080000000, 0x0000000100000000)
  region size 1024K, 3 young (3072K), 3 survivors (3072K)
 Metaspace       used 99064K, capacity 101540K, committed 101712K, reserved 1138688K
  class space    used 12162K, capacity 13025K, committed 13056K, reserved 1048576K
}
Event: 24.694 GC heap before
{Heap before GC invocations=81 (full 0):
 garbage-first heap   total 249856K, used 193816K [0x0000000080000000, 0x0000000100000000)
  region size 1024K, 12 young (12288K), 3 survivors (3072K)
 Metaspace       used 99369K, capacity 101886K, committed 101968K, reserved 1138688K
  class space    used 12193K, capacity 13032K, committed 13056K, reserved 1048576K
}
Event: 24.701 GC heap after
{Heap after GC invocations=82 (full 0):
 garbage-first heap   total 249856K, used 185376K [0x0000000080000000, 0x0000000100000000)
  region size 1024K, 2 young (2048K), 2 survivors (2048K)
 Metaspace       used 99369K, capacity 101886K, committed 101968K, reserved 1138688K
  class space    used 12193K, capacity 13032K, committed 13056K, reserved 1048576K
}
Event: 24.865 GC heap before
{Heap before GC invocations=82 (full 0):
 garbage-first heap   total 249856K, used 207904K [0x0000000080000000, 0x0000000100000000)
  region size 1024K, 24 young (24576K), 2 survivors (2048K)
 Metaspace       used 99447K, capacity 101953K, committed 102224K, reserved 1138688K
  class space    used 12193K, capacity 13032K, committed 13056K, reserved 1048576K
}
Event: 24.871 GC heap after
{Heap after GC invocations=83 (full 0):
 garbage-first heap   total 249856K, used 188216K [0x0000000080000000, 0x0000000100000000)
  region size 1024K, 3 young (3072K), 3 survivors (3072K)
 Metaspace       used 99447K, capacity 101953K, committed 102224K, reserved 1138688K
  class space    used 12193K, capacity 13032K, committed 13056K, reserved 1048576K
}
Event: 25.050 GC heap before
{Heap before GC invocations=83 (full 0):
 garbage-first heap   total 249856K, used 209720K [0x0000000080000000, 0x0000000100000000)
  region size 1024K, 24 young (24576K), 3 survivors (3072K)
 Metaspace       used 99546K, capacity 102019K, committed 102224K, reserved 1138688K
  class space    used 12193K, capacity 13032K, committed 13056K, reserved 1048576K
}
Event: 25.064 GC heap after
{Heap after GC invocations=84 (full 0):
 garbage-first heap   total 318464K, used 200754K [0x0000000080000000, 0x0000000100000000)
  region size 1024K, 3 young (3072K), 3 survivors (3072K)
 Metaspace       used 99546K, capacity 102019K, committed 102224K, reserved 1138688K
  class space    used 12193K, capacity 13032K, committed 13056K, reserved 1048576K
}
Event: 25.244 GC heap before
{Heap before GC invocations=85 (full 0):
 garbage-first heap   total 318464K, used 238642K [0x0000000080000000, 0x0000000100000000)
  region size 1024K, 40 young (40960K), 3 survivors (3072K)
 Metaspace       used 99546K, capacity 102019K, committed 102224K, reserved 1138688K
  class space    used 12193K, capacity 13032K, committed 13056K, reserved 1048576K
}
Event: 25.441 GC heap after
{Heap after GC invocations=86 (full 0):
 garbage-first heap   total 318464K, used 230400K [0x0000000080000000, 0x0000000100000000)
  region size 1024K, 5 young (5120K), 5 survivors (5120K)
 Metaspace       used 99546K, capacity 102019K, committed 102224K, reserved 1138688K
  class space    used 12193K, capacity 13032K, committed 13056K, reserved 1048576K
}
Event: 25.538 GC heap before
{Heap before GC invocations=86 (full 0):
 garbage-first heap   total 318464K, used 253952K [0x0000000080000000, 0x0000000100000000)
  region size 1024K, 28 young (28672K), 5 survivors (5120K)
 Metaspace       used 99577K, capacity 102086K, committed 102224K, reserved 1138688K
  class space    used 12193K, capacity 13032K, committed 13056K, reserved 1048576K
}
Event: 25.556 GC heap after
{Heap after GC invocations=87 (full 0):
 garbage-first heap   total 318464K, used 240128K [0x0000000080000000, 0x0000000100000000)
  region size 1024K, 4 young (4096K), 4 survivors (4096K)
 Metaspace       used 99577K, capacity 102086K, committed 102224K, reserved 1138688K
  class space    used 12193K, capacity 13032K, committed 13056K, reserved 1048576K
}
Event: 25.655 GC heap before
{Heap before GC invocations=87 (full 0):
 garbage-first heap   total 318464K, used 260608K [0x0000000080000000, 0x0000000100000000)
  region size 1024K, 24 young (24576K), 4 survivors (4096K)
 Metaspace       used 99596K, capacity 102089K, committed 102224K, reserved 1138688K
  class space    used 12193K, capacity 13032K, committed 13056K, reserved 1048576K
}
Event: 25.665 GC heap after
{Heap after GC invocations=88 (full 0):
 garbage-first heap   total 318464K, used 242571K [0x0000000080000000, 0x0000000100000000)
  region size 1024K, 2 young (2048K), 2 survivors (2048K)
 Metaspace       used 99596K, capacity 102089K, committed 102224K, reserved 1138688K
  class space    used 12193K, capacity 13032K, committed 13056K, reserved 1048576K
}
Event: 25.793 GC heap before
{Heap before GC invocations=88 (full 0):
 garbage-first heap   total 318464K, used 226187K [0x0000000080000000, 0x0000000100000000)
  region size 1024K, 22 young (22528K), 2 survivors (2048K)
 Metaspace       used 99624K, capacity 102089K, committed 102224K, reserved 1138688K
  class space    used 12193K, capacity 13032K, committed 13056K, reserved 1048576K
}

